TN:
SF:webSocketServer.js
FN:6,setupSocketServer
FN:11,(anonymous_1)
FN:20,(anonymous_2)
FNF:3
FNH:0
FNDA:0,setupSocketServer
FNDA:0,(anonymous_1)
FNDA:0,(anonymous_2)
DA:7,0
DA:9,0
DA:11,0
DA:14,0
DA:16,0
DA:18,0
DA:20,0
DA:21,0
DA:22,0
LF:9
LH:0
BRF:0
BRH:0
end_of_record
TN:
SF:controllers\homeController.js
FN:7,index
FN:39,(anonymous_1)
FN:49,paranInRouteExample
FN:56,paranInRouteMultipleExample
FN:65,paramInQuery
FN:73,createExample
FN:90,(anonymous_6)
FN:93,validateQueryExample
FNF:8
FNH:1
FNDA:4,index
FNDA:0,(anonymous_1)
FNDA:0,paranInRouteExample
FNDA:0,paranInRouteMultipleExample
FNDA:0,paramInQuery
FNDA:0,createExample
FNDA:0,(anonymous_6)
FNDA:0,validateQueryExample
DA:9,4
DA:10,4
DA:12,4
DA:13,4
DA:15,4
DA:16,4
DA:18,4
DA:21,4
DA:22,4
DA:23,4
DA:25,4
DA:27,2
DA:29,2
DA:30,0
DA:33,2
DA:34,0
DA:37,2
DA:39,2
DA:40,0
DA:41,0
DA:45,4
DA:50,0
DA:52,0
DA:57,0
DA:58,0
DA:59,0
DA:61,0
DA:66,0
DA:67,0
DA:69,0
DA:74,0
DA:77,0
DA:79,0
DA:82,1
DA:90,0
DA:94,0
DA:95,0
DA:96,0
DA:99,0
LF:39
LH:18
BRDA:25,0,0,2
BRDA:25,0,1,2
BRDA:29,1,0,0
BRDA:29,1,1,2
BRDA:33,2,0,0
BRDA:33,2,1,2
BRF:6
BRH:4
end_of_record
TN:
SF:lib\sessionManager.js
FN:20,useSessionInViews
FN:25,isLoggedIn
FNF:2
FNH:0
FNDA:0,useSessionInViews
FNDA:0,isLoggedIn
DA:4,1
DA:5,1
DA:8,1
DA:21,0
DA:22,0
DA:26,0
DA:27,0
DA:28,0
DA:30,0
LF:9
LH:3
BRDA:26,0,0,0
BRDA:26,0,1,0
BRF:2
BRH:0
end_of_record
TN:
SF:models\Agent.js
FN:14,(anonymous_0)
FNF:1
FNH:0
FNDA:0,(anonymous_0)
DA:4,1
DA:14,1
DA:15,0
DA:16,0
DA:17,0
DA:18,0
DA:19,0
DA:20,0
DA:24,1
LF:9
LH:3
BRF:0
BRH:0
end_of_record
